#
# A fatal error has been detected by the Java Runtime Environment:
#
#  SIGBUS (0xa) at pc=0x000000010c95feb9, pid=12392, tid=20543
#
# JRE version: Java(TM) SE Runtime Environment (8.0_25-b17) (build 1.8.0_25-b17)
# Java VM: Java HotSpot(TM) 64-Bit Server VM (25.25-b02 mixed mode bsd-amd64 compressed oops)
# Problematic frame:
# C  [libzip.dylib+0x2eb9]  newEntry+0x154
#
# Failed to write core dump. Core dumps have been disabled. To enable core dumping, try "ulimit -c unlimited" before starting Java again
#
# If you would like to submit a bug report, please visit:
#   http://bugreport.sun.com/bugreport/crash.jsp
# The crash happened outside the Java Virtual Machine in native code.
# See problematic frame for where to report the bug.
#

---------------  T H R E A D  ---------------

Current thread (0x00007ff972853800):  JavaThread "Thread-12" [_thread_in_native, id=20543, stack(0x0000000121628000,0x0000000121728000)]

siginfo: si_signo: 10 (SIGBUS), si_code: 2 (BUS_ADRERR), si_addr: 0x00000001209d010b

Registers:
RAX=0x00007ff970c2bee0, RBX=0x00000001209d00ff, RCX=0x0000000000000001, RDX=0x0000000000000000
RSP=0x0000000121725550, RBP=0x00000001217255b0, RSI=0x00000000fffff87f, RDI=0x000000010b8cc400
R8 =0x0000000000000004, R9 =0x00007ff970f00000, R10=0x00000000872b9693, R11=0x00000000f452e300
R12=0x00000001208fc000, R13=0x0000000000017910, R14=0x000000009ac6435b, R15=0x00007ff97226d520
RIP=0x000000010c95feb9, EFLAGS=0x0000000000010206, ERR=0x0000000000000004
  TRAPNO=0x000000000000000e

Top of Stack: (sp=0x0000000121725550)
0x0000000121725550:   0000000121725980 000000008b7101a6
0x0000000121725560:   0000000000000000 0000000022d27d60
0x0000000121725570:   0000000121725590 00007ff970c2bee0
0x0000000121725580:   00007ff970feb860 00007ff970c2bee0
0x0000000121725590:   00000001208fc000 0000000000017910
0x00000001217255a0:   000000009ac6435b 00007ff97226d520
0x00000001217255b0:   0000000121725610 000000010c960554
0x00000001217255c0:   000000012172565a 0000000121725659
0x00000001217255d0:   0000002a00000000 0000002b01853800
0x00000001217255e0:   000000012172562e 0000000121725a78
0x00000001217255f0:   000000000000002b 000000012172562e
0x0000000121725600:   00007ff970c2bee0 00007ff9728539e8
0x0000000121725610:   0000000121725a60 000000010c95f34f
0x0000000121725620:   0000000000000000 726f000000000001
0x0000000121725630:   7370696c63652f67 2f797474656a2f65
0x0000000121725640:   7475462f6c697475 626c6c6143657275
0x0000000121725650:   73616c632e6b6361 0000000121720073
0x0000000121725660:   00000001217258e8 00000000000000be
0x0000000121725670:   0000000000000007 00000001217258c8
0x0000000121725680:   000000012172593c ffffffff0bfb52a2
0x0000000121725690:   0000000000000000 0000000000000000
0x00000001217256a0:   00007fff75e00940 0000000000000002
0x00000001217256b0:   0000003000000010 0000000121725de0
0x00000001217256c0:   0000000121725d00 0000000023e5f870
0x00000001217256d0:   0000000000000000 0000000000000000
0x00000001217256e0:   0000000000000000 0000000000000000
0x00000001217256f0:   0000000000000000 0000000000000000
0x0000000121725700:   0000000000000000 0000000000000000
0x0000000121725710:   0000000121725770 00007fff8b705ddf
0x0000000121725720:   00000001217259a8 0000000000000000
0x0000000121725730:   0000000000000000 0000000121725988
0x0000000121725740:   00000001217257a0 000000010bfb52a2 

Instructions: (pc=0x000000010c95feb9)
0x000000010c95fe99:   49 8b 7f 38 e8 50 1b 00 00 4d 89 77 38 49 89 5f
0x000000010c95fea9:   40 4c 89 f0 48 85 c0 0f 84 11 05 00 00 48 89 c3
0x000000010c95feb9:   0f b6 43 0c 0f b6 4b 0d 48 c1 e1 08 48 01 c1 0f
0x000000010c95fec9:   b6 43 0e 0f b6 53 0f 48 c1 e2 08 48 01 c2 48 c1 

Register to memory mapping:

RAX=0x00007ff970c2bee0 is an unknown value
RBX=0x00000001209d00ff is an unknown value
RCX=0x0000000000000001 is an unknown value
RDX=0x0000000000000000 is an unknown value
RSP=0x0000000121725550 is pointing into the stack for thread: 0x00007ff972853800
RBP=0x00000001217255b0 is pointing into the stack for thread: 0x00007ff972853800
RSI=0x00000000fffff87f is an unknown value
RDI=0x000000010b8cc400 is an unknown value
R8 =0x0000000000000004 is an unknown value
R9 =0x00007ff970f00000 is an unknown value
R10=0x00000000872b9693 is an unknown value
R11=0x00000000f452e300 is an unknown value
R12=0x00000001208fc000 is an unknown value
R13=0x0000000000017910 is an unknown value
R14=0x000000009ac6435b is an unknown value
R15=0x00007ff97226d520 is an unknown value


Stack: [0x0000000121628000,0x0000000121728000],  sp=0x0000000121725550,  free space=1013k
Native frames: (J=compiled Java code, j=interpreted, Vv=VM code, C=native code)
C  [libzip.dylib+0x2eb9]  newEntry+0x154
C  [libzip.dylib+0x3554]  ZIP_GetEntry2+0xd4
C  [libzip.dylib+0x234f]  Java_java_util_zip_ZipFile_getEntry+0xcf
J 109  java.util.zip.ZipFile.getEntry(J[BZ)J (0 bytes) @ 0x000000010d04590e [0x000000010d045840+0xce]
J 1499 C2 sun.misc.URLClassPath$JarLoader.getResource(Ljava/lang/String;Z)Lsun/misc/Resource; (85 bytes) @ 0x000000010d3b85a4 [0x000000010d3b8140+0x464]

Java frames: (J=compiled Java code, j=interpreted, Vv=VM code)
J 109  java.util.zip.ZipFile.getEntry(J[BZ)J (0 bytes) @ 0x000000010d045898 [0x000000010d045840+0x58]
J 1499 C2 sun.misc.URLClassPath$JarLoader.getResource(Ljava/lang/String;Z)Lsun/misc/Resource; (85 bytes) @ 0x000000010d3b85a4 [0x000000010d3b8140+0x464]
J 1866 C2 java.net.URLClassLoader$1.run()Ljava/lang/Object; (5 bytes) @ 0x000000010d592f0c [0x000000010d592a00+0x50c]
v  ~StubRoutines::call_stub
J 282  java.security.AccessController.doPrivileged(Ljava/security/PrivilegedExceptionAction;Ljava/security/AccessControlContext;)Ljava/lang/Object; (0 bytes) @ 0x000000010d0a4e23 [0x000000010d0a4dc0+0x63]
J 1706 C2 java.net.URLClassLoader.findClass(Ljava/lang/String;)Ljava/lang/Class; (29 bytes) @ 0x000000010d4497e4 [0x000000010d449740+0xa4]
J 1412 C2 java.lang.ClassLoader.loadClass(Ljava/lang/String;Z)Ljava/lang/Class; (122 bytes) @ 0x000000010d36ec14 [0x000000010d36e140+0xad4]
J 334 C1 sun.misc.Launcher$AppClassLoader.loadClass(Ljava/lang/String;Z)Ljava/lang/Class; (40 bytes) @ 0x000000010d0cf174 [0x000000010d0ced40+0x434]
J 331 C1 java.lang.ClassLoader.loadClass(Ljava/lang/String;)Ljava/lang/Class; (7 bytes) @ 0x000000010d0c5184 [0x000000010d0c5080+0x104]
v  ~StubRoutines::call_stub
j  org.eclipse.jetty.server.AbstractConnector.shutdown()Ljava/util/concurrent/Future;+0
j  org.eclipse.jetty.server.AbstractNetworkConnector.shutdown()Ljava/util/concurrent/Future;+5
j  org.eclipse.jetty.server.ServerConnector.shutdown()Ljava/util/concurrent/Future;+1
j  org.eclipse.jetty.server.Server.doStop()V+60
j  org.eclipse.jetty.util.component.AbstractLifeCycle.stop()V+30
j  org.eclipse.jetty.util.thread.ShutdownThread.run()V+41
v  ~StubRoutines::call_stub

---------------  P R O C E S S  ---------------

Java Threads: ( => current thread )
=>0x00007ff972853800 JavaThread "Thread-12" [_thread_in_native, id=20543, stack(0x0000000121628000,0x0000000121728000)]
  0x00007ff9711f6800 JavaThread "SIGINT handler" daemon [_thread_blocked, id=20779, stack(0x0000000121525000,0x0000000121625000)]
  0x00007ff9713cc000 JavaThread "dw-admin-284" [_thread_blocked, id=12799, stack(0x0000000121343000,0x0000000121443000)]
  0x00007ff97333f800 JavaThread "Scheduler-1082684443" [_thread_blocked, id=28167, stack(0x0000000123bc3000,0x0000000123cc3000)]
  0x00007ff9716d7800 JavaThread "dw-admin-25-acceptor-0@5e50d242-admin@3c35c345{HTTP/1.1}{0.0.0.0:8081}" [_thread_in_native, id=27139, stack(0x0000000123ac0000,0x0000000123bc0000)]
  0x00007ff97107c800 JavaThread "DestroyJavaVM" [_thread_blocked, id=6915, stack(0x000000010ce01000,0x000000010cf01000)]
  0x00007ff971f53000 JavaThread "dw-admin-23-selector-ServerConnectorManager@3727e586/1" [_thread_in_native, id=26627, stack(0x0000000122ece000,0x0000000122fce000)]
  0x00007ff971521000 JavaThread "dw-admin-22-selector-ServerConnectorManager@3727e586/0" [_thread_in_native, id=26119, stack(0x0000000122ad4000,0x0000000122bd4000)]
  0x00007ff971f04800 JavaThread "dw-19" [_thread_blocked, id=25603, stack(0x00000001239bd000,0x0000000123abd000)]
  0x00007ff971ca0000 JavaThread "dw-18" [_thread_blocked, id=25091, stack(0x00000001238ba000,0x00000001239ba000)]
  0x00007ff971c9f000 JavaThread "dw-17" [_thread_blocked, id=24579, stack(0x00000001237b7000,0x00000001238b7000)]
  0x00007ff971cb0000 JavaThread "dw-16" [_thread_blocked, id=24067, stack(0x00000001236b4000,0x00000001237b4000)]
  0x00007ff971caf000 JavaThread "dw-15" [_thread_blocked, id=23555, stack(0x00000001235b1000,0x00000001236b1000)]
  0x00007ff971e3e800 JavaThread "dw-14" [_thread_blocked, id=23043, stack(0x00000001234ae000,0x00000001235ae000)]
  0x00007ff971d23800 JavaThread "dw-13-selector-ServerConnectorManager@3fe1185a/1" [_thread_in_native, id=22531, stack(0x00000001233ab000,0x00000001234ab000)]
  0x00007ff971f01800 JavaThread "dw-12-selector-ServerConnectorManager@3fe1185a/0" [_thread_in_native, id=22019, stack(0x00000001232a8000,0x00000001233a8000)]
  0x00007ff971330800 JavaThread "AsyncAppender-Worker-async-console-appender" daemon [_thread_blocked, id=21511, stack(0x0000000121db4000,0x0000000121eb4000)]
  0x00007ff971b31000 JavaThread "Tomcat JDBC Pool Cleaner[2125039532:1454597980441]" daemon [_thread_blocked, id=19971, stack(0x0000000121f04000,0x0000000122004000)]
  0x00007ff971b57800 JavaThread "AsyncAppender-Worker-async-console-appender" daemon [_thread_blocked, id=19459, stack(0x0000000121798000,0x0000000121898000)]
  0x00007ff97104e000 JavaThread "Service Thread" daemon [_thread_blocked, id=18435, stack(0x0000000120567000,0x0000000120667000)]
  0x00007ff97104a800 JavaThread "C1 CompilerThread1" daemon [_thread_blocked, id=17923, stack(0x0000000120464000,0x0000000120564000)]
  0x00007ff971049000 JavaThread "C2 CompilerThread0" daemon [_thread_blocked, id=17411, stack(0x0000000120361000,0x0000000120461000)]
  0x00007ff971048000 JavaThread "Signal Dispatcher" daemon [_thread_blocked, id=16899, stack(0x000000012025e000,0x000000012035e000)]
  0x00007ff97100d800 JavaThread "Finalizer" daemon [_thread_blocked, id=12035, stack(0x000000012000f000,0x000000012010f000)]
  0x00007ff971833800 JavaThread "Reference Handler" daemon [_thread_blocked, id=11523, stack(0x000000011ff0c000,0x000000012000c000)]

Other Threads:
  0x00007ff97182e800 VMThread [stack: 0x000000011fe09000,0x000000011ff09000] [id=11011]
  0x00007ff97183c000 WatcherThread [stack: 0x000000012066a000,0x000000012076a000] [id=18947]

VM state:not at safepoint (normal execution)

VM Mutex/Monitor currently owned by a thread: None

Heap:
 PSYoungGen      total 98304K, used 11172K [0x00000007aab00000, 0x00000007b3800000, 0x00000007c0000000)
  eden space 86016K, 9% used [0x00000007aab00000,0x00000007ab2ef578,0x00000007aff00000)
  from space 12288K, 24% used [0x00000007aff00000,0x00000007b01f9c10,0x00000007b0b00000)
  to   space 12288K, 0% used [0x00000007b2c00000,0x00000007b2c00000,0x00000007b3800000)
 ParOldGen       total 64000K, used 12954K [0x0000000780000000, 0x0000000783e80000, 0x00000007aab00000)
  object space 64000K, 20% used [0x0000000780000000,0x0000000780ca6ad0,0x0000000783e80000)
 Metaspace       used 36862K, capacity 37158K, committed 37464K, reserved 1081344K
  class space    used 4810K, capacity 4880K, committed 4992K, reserved 1048576K

Card table byte_map: [0x000000011c2c3000,0x000000011c4c4000] byte_map_base: 0x00000001186c3000

Marking Bits: (ParMarkBitMap*) 0x000000010c27c390
 Begin Bits: [0x000000011c820000, 0x000000011d820000)
 End Bits:   [0x000000011d820000, 0x000000011e820000)

Polling page: 0x000000010c953000

CodeCache: size=245760Kb used=8161Kb max_used=8194Kb free=237598Kb
 bounds [0x000000010cf03000, 0x000000010d733000, 0x000000011bf03000]
 total_blobs=3336 nmethods=2828 adapters=423
 compilation: enabled

Compilation events (10 events):
Event: 15190,912 Thread 0x00007ff971049000 3228       4       java.lang.AbstractStringBuilder::append (40 bytes)
Event: 15190,921 Thread 0x00007ff971049000 nmethod 3228 0x000000010d090650 code [0x000000010d0907a0, 0x000000010d090b58]
Event: 15251,861 Thread 0x00007ff97104a800 3229       3       java.lang.Thread::exit (51 bytes)
Event: 15251,862 Thread 0x00007ff97104a800 nmethod 3229 0x000000010d563c50 code [0x000000010d563dc0, 0x000000010d564068]
Event: 15251,862 Thread 0x00007ff97104a800 3230   !   3       java.lang.ThreadGroup::threadTerminated (63 bytes)
Event: 15251,862 Thread 0x00007ff97104a800 nmethod 3230 0x000000010d1d8390 code [0x000000010d1d8520, 0x000000010d1d8ae8]
Event: 15460,913 Thread 0x00007ff971049000 3231  s    4       java.io.BufferedOutputStream::flush (12 bytes)
Event: 15460,925 Thread 0x00007ff971049000 nmethod 3231 0x000000010d6e1450 code [0x000000010d6e1600, 0x000000010d6e1fe8]
Event: 15481,473 Thread 0x00007ff97104a800 3232  s    3       java.util.Hashtable::containsKey (65 bytes)
Event: 15481,474 Thread 0x00007ff97104a800 nmethod 3232 0x000000010d032150 code [0x000000010d032300, 0x000000010d032938]

GC Heap History (10 events):
Event: 2,654 GC heap before
{Heap before GC invocations=5 (full 1):
 PSYoungGen      total 68096K, used 2528K [0x00000007aab00000, 0x00000007af000000, 0x00000007c0000000)
  eden space 65536K, 0% used [0x00000007aab00000,0x00000007aab00000,0x00000007aeb00000)
  from space 2560K, 98% used [0x00000007aed80000,0x00000007aeff8020,0x00000007af000000)
  to   space 2560K, 0% used [0x00000007aeb00000,0x00000007aeb00000,0x00000007aed80000)
 ParOldGen       total 44032K, used 13221K [0x0000000780000000, 0x0000000782b00000, 0x00000007aab00000)
  object space 44032K, 30% used [0x0000000780000000,0x0000000780ce96d8,0x0000000782b00000)
 Metaspace       used 21015K, capacity 21210K, committed 21248K, reserved 1067008K
  class space    used 2757K, capacity 2800K, committed 2816K, reserved 1048576K
Event: 2,751 GC heap after
Heap after GC invocations=5 (full 1):
 PSYoungGen      total 68096K, used 0K [0x00000007aab00000, 0x00000007af000000, 0x00000007c0000000)
  eden space 65536K, 0% used [0x00000007aab00000,0x00000007aab00000,0x00000007aeb00000)
  from space 2560K, 0% used [0x00000007aed80000,0x00000007aed80000,0x00000007af000000)
  to   space 2560K, 0% used [0x00000007aeb00000,0x00000007aeb00000,0x00000007aed80000)
 ParOldGen       total 42496K, used 9474K [0x0000000780000000, 0x0000000782980000, 0x00000007aab00000)
  object space 42496K, 22% used [0x0000000780000000,0x0000000780940858,0x0000000782980000)
 Metaspace       used 21015K, capacity 21210K, committed 21248K, reserved 1067008K
  class space    used 2757K, capacity 2800K, committed 2816K, reserved 1048576K
}
Event: 5,437 GC heap before
{Heap before GC invocations=6 (full 1):
 PSYoungGen      total 68096K, used 65536K [0x00000007aab00000, 0x00000007af000000, 0x00000007c0000000)
  eden space 65536K, 100% used [0x00000007aab00000,0x00000007aeb00000,0x00000007aeb00000)
  from space 2560K, 0% used [0x00000007aed80000,0x00000007aed80000,0x00000007af000000)
  to   space 2560K, 0% used [0x00000007aeb00000,0x00000007aeb00000,0x00000007aed80000)
 ParOldGen       total 42496K, used 9474K [0x0000000780000000, 0x0000000782980000, 0x00000007aab00000)
  object space 42496K, 22% used [0x0000000780000000,0x0000000780940858,0x0000000782980000)
 Metaspace       used 31884K, capacity 32188K, committed 32512K, reserved 1077248K
  class space    used 4190K, capacity 4255K, committed 4352K, reserved 1048576K
Event: 5,466 GC heap after
Heap after GC invocations=6 (full 1):
 PSYoungGen      total 68096K, used 2528K [0x00000007aab00000, 0x00000007b1d00000, 0x00000007c0000000)
  eden space 65536K, 0% used [0x00000007aab00000,0x00000007aab00000,0x00000007aeb00000)
  from space 2560K, 98% used [0x00000007aeb00000,0x00000007aed78020,0x00000007aed80000)
  to   space 13312K, 0% used [0x00000007b1000000,0x00000007b1000000,0x00000007b1d00000)
 ParOldGen       total 42496K, used 19146K [0x0000000780000000, 0x0000000782980000, 0x00000007aab00000)
  object space 42496K, 45% used [0x0000000780000000,0x00000007812b2830,0x0000000782980000)
 Metaspace       used 31884K, capacity 32188K, committed 32512K, reserved 1077248K
  class space    used 4190K, capacity 4255K, committed 4352K, reserved 1048576K
}
Event: 86,256 GC heap before
{Heap before GC invocations=7 (full 1):
 PSYoungGen      total 68096K, used 29246K [0x00000007aab00000, 0x00000007b1d00000, 0x00000007c0000000)
  eden space 65536K, 40% used [0x00000007aab00000,0x00000007ac517b40,0x00000007aeb00000)
  from space 2560K, 98% used [0x00000007aeb00000,0x00000007aed78020,0x00000007aed80000)
  to   space 13312K, 0% used [0x00000007b1000000,0x00000007b1000000,0x00000007b1d00000)
 ParOldGen       total 42496K, used 19146K [0x0000000780000000, 0x0000000782980000, 0x00000007aab00000)
  object space 42496K, 45% used [0x0000000780000000,0x00000007812b2830,0x0000000782980000)
 Metaspace       used 34926K, capacity 35180K, committed 35416K, reserved 1079296K
  class space    used 4605K, capacity 4679K, committed 4736K, reserved 1048576K
Event: 86,276 GC heap after
Heap after GC invocations=7 (full 1):
 PSYoungGen      total 93184K, used 6068K [0x00000007aab00000, 0x00000007b1700000, 0x00000007c0000000)
  eden space 86016K, 0% used [0x00000007aab00000,0x00000007aab00000,0x00000007aff00000)
  from space 7168K, 84% used [0x00000007b1000000,0x00000007b15ed118,0x00000007b1700000)
  to   space 12288K, 0% used [0x00000007aff00000,0x00000007aff00000,0x00000007b0b00000)
 ParOldGen       total 42496K, used 19154K [0x0000000780000000, 0x0000000782980000, 0x00000007aab00000)
  object space 42496K, 45% used [0x0000000780000000,0x00000007812b4830,0x0000000782980000)
 Metaspace       used 34926K, capacity 35180K, committed 35416K, reserved 1079296K
  class space    used 4605K, capacity 4679K, committed 4736K, reserved 1048576K
}
Event: 86,276 GC heap before
{Heap before GC invocations=8 (full 2):
 PSYoungGen      total 93184K, used 6068K [0x00000007aab00000, 0x00000007b1700000, 0x00000007c0000000)
  eden space 86016K, 0% used [0x00000007aab00000,0x00000007aab00000,0x00000007aff00000)
  from space 7168K, 84% used [0x00000007b1000000,0x00000007b15ed118,0x00000007b1700000)
  to   space 12288K, 0% used [0x00000007aff00000,0x00000007aff00000,0x00000007b0b00000)
 ParOldGen       total 42496K, used 19154K [0x0000000780000000, 0x0000000782980000, 0x00000007aab00000)
  object space 42496K, 45% used [0x0000000780000000,0x00000007812b4830,0x0000000782980000)
 Metaspace       used 34926K, capacity 35180K, committed 35416K, reserved 1079296K
  class space    used 4605K, capacity 4679K, committed 4736K, reserved 1048576K
Event: 86,420 GC heap after
Heap after GC invocations=8 (full 2):
 PSYoungGen      total 93184K, used 0K [0x00000007aab00000, 0x00000007b1700000, 0x00000007c0000000)
  eden space 86016K, 0% used [0x00000007aab00000,0x00000007aab00000,0x00000007aff00000)
  from space 7168K, 0% used [0x00000007b1000000,0x00000007b1000000,0x00000007b1700000)
  to   space 12288K, 0% used [0x00000007aff00000,0x00000007aff00000,0x00000007b0b00000)
 ParOldGen       total 64000K, used 12946K [0x0000000780000000, 0x0000000783e80000, 0x00000007aab00000)
  object space 64000K, 20% used [0x0000000780000000,0x0000000780ca4ad0,0x0000000783e80000)
 Metaspace       used 34925K, capacity 35178K, committed 35416K, reserved 1079296K
  class space    used 4605K, capacity 4678K, committed 4736K, reserved 1048576K
}
Event: 14351,727 GC heap before
{Heap before GC invocations=9 (full 2):
 PSYoungGen      total 93184K, used 86016K [0x00000007aab00000, 0x00000007b1700000, 0x00000007c0000000)
  eden space 86016K, 100% used [0x00000007aab00000,0x00000007aff00000,0x00000007aff00000)
  from space 7168K, 0% used [0x00000007b1000000,0x00000007b1000000,0x00000007b1700000)
  to   space 12288K, 0% used [0x00000007aff00000,0x00000007aff00000,0x00000007b0b00000)
 ParOldGen       total 64000K, used 12946K [0x0000000780000000, 0x0000000783e80000, 0x00000007aab00000)
  object space 64000K, 20% used [0x0000000780000000,0x0000000780ca4ad0,0x0000000783e80000)
 Metaspace       used 36844K, capacity 37158K, committed 37464K, reserved 1081344K
  class space    used 4809K, capacity 4880K, committed 4992K, reserved 1048576K
Event: 14351,808 GC heap after
Heap after GC invocations=9 (full 2):
 PSYoungGen      total 98304K, used 3047K [0x00000007aab00000, 0x00000007b3800000, 0x00000007c0000000)
  eden space 86016K, 0% used [0x00000007aab00000,0x00000007aab00000,0x00000007aff00000)
  from space 12288K, 24% used [0x00000007aff00000,0x00000007b01f9c10,0x00000007b0b00000)
  to   space 12288K, 0% used [0x00000007b2c00000,0x00000007b2c00000,0x00000007b3800000)
 ParOldGen       total 64000K, used 12954K [0x0000000780000000, 0x0000000783e80000, 0x00000007aab00000)
  object space 64000K, 20% used [0x0000000780000000,0x0000000780ca6ad0,0x0000000783e80000)
 Metaspace       used 36844K, capacity 37158K, committed 37464K, reserved 1081344K
  class space    used 4809K, capacity 4880K, committed 4992K, reserved 1048576K
}

Deoptimization events (10 events):
Event: 6,110 Thread 0x00007ff971806000 Uncommon trap: reason=bimorphic action=maybe_recompile pc=0x000000010d5b2d68 method=java.util.AbstractCollection.addAll(Ljava/util/Collection;)Z @ 29
Event: 6,112 Thread 0x00007ff971806000 Uncommon trap: reason=bimorphic action=maybe_recompile pc=0x000000010d5b2d68 method=java.util.AbstractCollection.addAll(Ljava/util/Collection;)Z @ 29
Event: 6,112 Thread 0x00007ff971806000 Uncommon trap: reason=bimorphic action=maybe_recompile pc=0x000000010d5b2d68 method=java.util.AbstractCollection.addAll(Ljava/util/Collection;)Z @ 29
Event: 85,657 Thread 0x00007ff971f01800 Uncommon trap: reason=bimorphic action=maybe_recompile pc=0x000000010d449cec method=java.lang.ThreadLocal.get()Ljava/lang/Object; @ 6
Event: 85,658 Thread 0x00007ff971f01800 Uncommon trap: reason=bimorphic action=maybe_recompile pc=0x000000010d449cec method=java.lang.ThreadLocal.get()Ljava/lang/Object; @ 6
Event: 88,252 Thread 0x00007ff971c9f000 Uncommon trap: reason=bimorphic action=maybe_recompile pc=0x000000010d5c0484 method=java.util.HashMap.putVal(ILjava/lang/Object;Ljava/lang/Object;ZZ)Ljava/lang/Object; @ 253
Event: 88,252 Thread 0x00007ff971cb0000 Uncommon trap: reason=bimorphic action=maybe_recompile pc=0x000000010d5c0484 method=java.util.HashMap.putVal(ILjava/lang/Object;Ljava/lang/Object;ZZ)Ljava/lang/Object; @ 253
Event: 709,298 Thread 0x00007ff971caf000 Uncommon trap: reason=unreached action=reinterpret pc=0x000000010d032a0c method=java.util.concurrent.ConcurrentHashMap.addCount(JI)V @ 7
Event: 709,298 Thread 0x00007ff971caf000 Uncommon trap: reason=unreached action=reinterpret pc=0x000000010d346814 method=java.util.concurrent.ConcurrentHashMap.addCount(JI)V @ 7
Event: 709,940 Thread 0x00007ff971c9f000 Uncommon trap: reason=unreached action=reinterpret pc=0x000000010d29974c method=java.lang.StringBuffer.toString()Ljava/lang/String; @ 4

Internal exceptions (10 events):
Event: 709,940 Thread 0x00007ff971c9f000 Exception <a 'java/security/PrivilegedActionException'> (0x00000007abebae48) thrown at [/HUDSON3/workspace/8-2-build-macosx-x86_64/jdk8u25/1514/hotspot/src/share/vm/prims/jvm.cpp, line 1312]
Event: 710,163 Thread 0x00007ff971c9f000 Exception <a 'java/security/PrivilegedActionException'> (0x00000007abec1fe0) thrown at [/HUDSON3/workspace/8-2-build-macosx-x86_64/jdk8u25/1514/hotspot/src/share/vm/prims/jvm.cpp, line 1312]
Event: 710,164 Thread 0x00007ff971c9f000 Exception <a 'java/security/PrivilegedActionException'> (0x00000007abec5550) thrown at [/HUDSON3/workspace/8-2-build-macosx-x86_64/jdk8u25/1514/hotspot/src/share/vm/prims/jvm.cpp, line 1312]
Event: 710,182 Thread 0x00007ff971c9f000 Exception <a 'java/security/PrivilegedActionException'> (0x00000007abec9428) thrown at [/HUDSON3/workspace/8-2-build-macosx-x86_64/jdk8u25/1514/hotspot/src/share/vm/prims/jvm.cpp, line 1312]
Event: 710,185 Thread 0x00007ff971c9f000 Exception <a 'java/security/PrivilegedActionException'> (0x00000007abecde80) thrown at [/HUDSON3/workspace/8-2-build-macosx-x86_64/jdk8u25/1514/hotspot/src/share/vm/prims/jvm.cpp, line 1312]
Event: 710,187 Thread 0x00007ff971c9f000 Exception <a 'java/security/PrivilegedActionException'> (0x00000007abed82a0) thrown at [/HUDSON3/workspace/8-2-build-macosx-x86_64/jdk8u25/1514/hotspot/src/share/vm/prims/jvm.cpp, line 1312]
Event: 710,188 Thread 0x00007ff971c9f000 Exception <a 'java/security/PrivilegedActionException'> (0x00000007abedbaf0) thrown at [/HUDSON3/workspace/8-2-build-macosx-x86_64/jdk8u25/1514/hotspot/src/share/vm/prims/jvm.cpp, line 1312]
Event: 710,190 Thread 0x00007ff971c9f000 Exception <a 'java/security/PrivilegedActionException'> (0x00000007abee0fb0) thrown at [/HUDSON3/workspace/8-2-build-macosx-x86_64/jdk8u25/1514/hotspot/src/share/vm/prims/jvm.cpp, line 1312]
Event: 15481,473 Thread 0x00007ff971e3e800 Exception <a 'java/io/IOException'> (0x00000007ab2a7b78) thrown at [/HUDSON3/workspace/8-2-build-macosx-x86_64/jdk8u25/1514/hotspot/src/share/vm/prims/jni.cpp, line 716]
Event: 15481,475 Thread 0x00007ff972853800 Exception <a 'java/security/PrivilegedActionException'> (0x00000007ab253430) thrown at [/HUDSON3/workspace/8-2-build-macosx-x86_64/jdk8u25/1514/hotspot/src/share/vm/prims/jvm.cpp, line 1312]

Events (10 events):
Event: 15460,926 Thread 0x00007ff971049000 flushing nmethod 0x000000010d042cd0
Event: 15481,403 loading class sun/misc/Signal$1
Event: 15481,470 loading class sun/misc/Signal$1 done
Event: 15481,470 Thread 0x00007ff9711f6800 Thread added: 0x00007ff9711f6800
Event: 15481,471 Thread 0x00007ff972853800 Thread added: 0x00007ff972853800
Event: 15481,471 Thread 0x00007ff972854000 Thread added: 0x00007ff972854000
Event: 15481,473 Thread 0x00007ff972854000 Thread exited: 0x00007ff972854000
Event: 15481,474 loading class org/eclipse/jetty/util/FutureCallback
Event: 15481,474 loading class org/eclipse/jetty/util/FutureCallback done
Event: 15481,475 loading class java/nio/channels/AsynchronousCloseException


Dynamic libraries:
0x000000000506b000 	/System/Library/Frameworks/Cocoa.framework/Versions/A/Cocoa
0x000000000506b000 	/System/Library/Frameworks/Security.framework/Versions/A/Security
0x000000000506b000 	/System/Library/Frameworks/ApplicationServices.framework/Versions/A/ApplicationServices
0x000000000506b000 	/usr/lib/libz.1.dylib
0x000000000506b000 	/usr/lib/libSystem.B.dylib
0x000000000506b000 	/usr/lib/libobjc.A.dylib
0x000000000506b000 	/System/Library/Frameworks/CoreFoundation.framework/Versions/A/CoreFoundation
0x000000000506b000 	/System/Library/Frameworks/Foundation.framework/Versions/C/Foundation
0x000000000506b000 	/System/Library/Frameworks/AppKit.framework/Versions/C/AppKit
0x000000000506b000 	/System/Library/Frameworks/CoreData.framework/Versions/A/CoreData
0x000000000506b000 	/System/Library/PrivateFrameworks/RemoteViewServices.framework/Versions/A/RemoteViewServices
0x000000000506b000 	/System/Library/Frameworks/AudioToolbox.framework/Versions/A/AudioToolbox
0x000000000506b000 	/System/Library/Frameworks/AudioUnit.framework/Versions/A/AudioUnit
0x000000000506b000 	/System/Library/PrivateFrameworks/DataDetectorsCore.framework/Versions/A/DataDetectorsCore
0x000000000506b000 	/System/Library/PrivateFrameworks/DesktopServicesPriv.framework/Versions/A/DesktopServicesPriv
0x000000000506b000 	/System/Library/Frameworks/Carbon.framework/Versions/A/Frameworks/HIToolbox.framework/Versions/A/HIToolbox
0x000000000506b000 	/System/Library/Frameworks/QuartzCore.framework/Versions/A/QuartzCore
0x000000000506b000 	/System/Library/Frameworks/Carbon.framework/Versions/A/Frameworks/SpeechRecognition.framework/Versions/A/SpeechRecognition
0x000000000506b000 	/usr/lib/libauto.dylib
0x000000000506b000 	/usr/lib/libicucore.A.dylib
0x000000000506b000 	/usr/lib/libxml2.2.dylib
0x000000000506b000 	/System/Library/PrivateFrameworks/CoreUI.framework/Versions/A/CoreUI
0x000000000506b000 	/System/Library/Frameworks/CoreAudio.framework/Versions/A/CoreAudio
0x000000000506b000 	/System/Library/Frameworks/DiskArbitration.framework/Versions/A/DiskArbitration
0x000000000506b000 	/usr/lib/liblangid.dylib
0x000000000506b000 	/System/Library/PrivateFrameworks/MultitouchSupport.framework/Versions/A/MultitouchSupport
0x000000000506b000 	/System/Library/Frameworks/IOKit.framework/Versions/A/IOKit
0x000000000506b000 	/usr/lib/libDiagnosticMessagesClient.dylib
0x000000000506b000 	/System/Library/Frameworks/CoreServices.framework/Versions/A/CoreServices
0x000000000506b000 	/System/Library/PrivateFrameworks/PerformanceAnalysis.framework/Versions/A/PerformanceAnalysis
0x000000000506b000 	/System/Library/PrivateFrameworks/GenerationalStorage.framework/Versions/A/GenerationalStorage
0x000000000506b000 	/System/Library/Frameworks/OpenGL.framework/Versions/A/OpenGL
0x000000000506b000 	/System/Library/PrivateFrameworks/Sharing.framework/Versions/A/Sharing
0x000000000506b000 	/System/Library/Frameworks/ImageIO.framework/Versions/A/ImageIO
0x000000000506b000 	/System/Library/Frameworks/CoreText.framework/Versions/A/CoreText
0x000000000506b000 	/System/Library/Frameworks/CoreGraphics.framework/Versions/A/CoreGraphics
0x000000000506b000 	/System/Library/PrivateFrameworks/Backup.framework/Versions/A/Backup
0x000000000506b000 	/System/Library/Frameworks/CFNetwork.framework/Versions/A/CFNetwork
0x000000000506b000 	/System/Library/Frameworks/SystemConfiguration.framework/Versions/A/SystemConfiguration
0x000000000506b000 	/usr/lib/libCRFSuite.dylib
0x000000000506b000 	/usr/lib/libc++.1.dylib
0x000000000506b000 	/usr/lib/libc++abi.dylib
0x000000000506b000 	/usr/lib/system/libcache.dylib
0x000000000506b000 	/usr/lib/system/libcommonCrypto.dylib
0x000000000506b000 	/usr/lib/system/libcompiler_rt.dylib
0x000000000506b000 	/usr/lib/system/libcopyfile.dylib
0x000000000506b000 	/usr/lib/system/libcorecrypto.dylib
0x000000000506b000 	/usr/lib/system/libdispatch.dylib
0x000000000506b000 	/usr/lib/system/libdyld.dylib
0x000000000506b000 	/usr/lib/system/libkeymgr.dylib
0x000000000506b000 	/usr/lib/system/liblaunch.dylib
0x000000000506b000 	/usr/lib/system/libmacho.dylib
0x000000000506b000 	/usr/lib/system/libquarantine.dylib
0x000000000506b000 	/usr/lib/system/libremovefile.dylib
0x000000000506b000 	/usr/lib/system/libsystem_asl.dylib
0x000000000506b000 	/usr/lib/system/libsystem_blocks.dylib
0x000000000506b000 	/usr/lib/system/libsystem_c.dylib
0x000000000506b000 	/usr/lib/system/libsystem_configuration.dylib
0x000000000506b000 	/usr/lib/system/libsystem_dnssd.dylib
0x000000000506b000 	/usr/lib/system/libsystem_info.dylib
0x000000000506b000 	/usr/lib/system/libsystem_kernel.dylib
0x000000000506b000 	/usr/lib/system/libsystem_m.dylib
0x000000000506b000 	/usr/lib/system/libsystem_malloc.dylib
0x000000000506b000 	/usr/lib/system/libsystem_network.dylib
0x000000000506b000 	/usr/lib/system/libsystem_notify.dylib
0x000000000506b000 	/usr/lib/system/libsystem_platform.dylib
0x000000000506b000 	/usr/lib/system/libsystem_pthread.dylib
0x000000000506b000 	/usr/lib/system/libsystem_sandbox.dylib
0x000000000506b000 	/usr/lib/system/libsystem_stats.dylib
0x000000000506b000 	/usr/lib/system/libunc.dylib
0x000000000506b000 	/usr/lib/system/libunwind.dylib
0x000000000506b000 	/usr/lib/system/libxpc.dylib
0x000000000506b000 	/usr/lib/libbsm.0.dylib
0x000000000506b000 	/usr/lib/libsqlite3.dylib
0x000000000506b000 	/usr/lib/libxar.1.dylib
0x000000000506b000 	/usr/lib/libpam.2.dylib
0x000000000506b000 	/usr/lib/libOpenScriptingUtil.dylib
0x000000000506b000 	/usr/lib/libbz2.1.0.dylib
0x000000000506b000 	/System/Library/Frameworks/CoreServices.framework/Versions/A/Frameworks/CarbonCore.framework/Versions/A/CarbonCore
0x000000000506b000 	/System/Library/Frameworks/CoreServices.framework/Versions/A/Frameworks/Metadata.framework/Versions/A/Metadata
0x000000000506b000 	/System/Library/Frameworks/CoreServices.framework/Versions/A/Frameworks/OSServices.framework/Versions/A/OSServices
0x000000000506b000 	/System/Library/Frameworks/CoreServices.framework/Versions/A/Frameworks/SearchKit.framework/Versions/A/SearchKit
0x000000000506b000 	/System/Library/Frameworks/CoreServices.framework/Versions/A/Frameworks/AE.framework/Versions/A/AE
0x000000000506b000 	/System/Library/Frameworks/CoreServices.framework/Versions/A/Frameworks/LaunchServices.framework/Versions/A/LaunchServices
0x000000000506b000 	/System/Library/Frameworks/CoreServices.framework/Versions/A/Frameworks/DictionaryServices.framework/Versions/A/DictionaryServices
0x000000000506b000 	/System/Library/Frameworks/NetFS.framework/Versions/A/NetFS
0x000000000506b000 	/usr/lib/system/libkxld.dylib
0x000000000506b000 	/System/Library/PrivateFrameworks/NetAuth.framework/Versions/A/NetAuth
0x000000000506b000 	/System/Library/PrivateFrameworks/TCC.framework/Versions/A/TCC
0x000000000506b000 	/System/Library/Frameworks/OpenDirectory.framework/Versions/A/Frameworks/CFOpenDirectory.framework/Versions/A/CFOpenDirectory
0x000000000506b000 	/System/Library/Frameworks/ServiceManagement.framework/Versions/A/ServiceManagement
0x000000000506b000 	/usr/lib/libxslt.1.dylib
0x000000000506b000 	/System/Library/Frameworks/Carbon.framework/Versions/A/Frameworks/Ink.framework/Versions/A/Ink
0x000000000506b000 	/System/Library/Frameworks/ApplicationServices.framework/Versions/A/Frameworks/ATS.framework/Versions/A/ATS
0x000000000506b000 	/System/Library/Frameworks/ApplicationServices.framework/Versions/A/Frameworks/ColorSync.framework/Versions/A/ColorSync
0x000000000506b000 	/System/Library/Frameworks/ApplicationServices.framework/Versions/A/Frameworks/HIServices.framework/Versions/A/HIServices
0x000000000506b000 	/System/Library/Frameworks/ApplicationServices.framework/Versions/A/Frameworks/LangAnalysis.framework/Versions/A/LangAnalysis
0x000000000506b000 	/System/Library/Frameworks/ApplicationServices.framework/Versions/A/Frameworks/PrintCore.framework/Versions/A/PrintCore
0x000000000506b000 	/System/Library/Frameworks/ApplicationServices.framework/Versions/A/Frameworks/QD.framework/Versions/A/QD
0x000000000506b000 	/System/Library/Frameworks/ApplicationServices.framework/Versions/A/Frameworks/SpeechSynthesis.framework/Versions/A/SpeechSynthesis
0x000000000506b000 	/System/Library/Frameworks/IOSurface.framework/Versions/A/IOSurface
0x000000000506b000 	/System/Library/Frameworks/Accelerate.framework/Versions/A/Accelerate
0x000000000506b000 	/System/Library/Frameworks/Accelerate.framework/Versions/A/Frameworks/vImage.framework/Versions/A/vImage
0x000000000506b000 	/System/Library/Frameworks/Accelerate.framework/Versions/A/Frameworks/vecLib.framework/Versions/A/vecLib
0x000000000506b000 	/System/Library/Frameworks/Accelerate.framework/Versions/A/Frameworks/vecLib.framework/Versions/A/libvDSP.dylib
0x000000000506b000 	/System/Library/Frameworks/Accelerate.framework/Versions/A/Frameworks/vecLib.framework/Versions/A/libvMisc.dylib
0x000000000506b000 	/System/Library/Frameworks/Accelerate.framework/Versions/A/Frameworks/vecLib.framework/Versions/A/libLAPACK.dylib
0x000000000506b000 	/System/Library/Frameworks/Accelerate.framework/Versions/A/Frameworks/vecLib.framework/Versions/A/libBLAS.dylib
0x000000000506b000 	/System/Library/Frameworks/ApplicationServices.framework/Versions/A/Frameworks/ATS.framework/Versions/A/Resources/libFontParser.dylib
0x000000000506b000 	/System/Library/Frameworks/ApplicationServices.framework/Versions/A/Frameworks/ATS.framework/Versions/A/Resources/libFontRegistry.dylib
0x000000000506b000 	/System/Library/Frameworks/ImageIO.framework/Versions/A/Resources/libJPEG.dylib
0x000000000506b000 	/System/Library/Frameworks/ImageIO.framework/Versions/A/Resources/libTIFF.dylib
0x000000000506b000 	/System/Library/Frameworks/ImageIO.framework/Versions/A/Resources/libPng.dylib
0x000000000506b000 	/System/Library/Frameworks/ImageIO.framework/Versions/A/Resources/libGIF.dylib
0x000000000506b000 	/System/Library/Frameworks/ImageIO.framework/Versions/A/Resources/libJP2.dylib
0x000000000506b000 	/System/Library/Frameworks/ImageIO.framework/Versions/A/Resources/libRadiance.dylib
0x000000000506b000 	/usr/lib/libcups.2.dylib
0x000000000506b000 	/System/Library/Frameworks/Kerberos.framework/Versions/A/Kerberos
0x000000000506b000 	/System/Library/Frameworks/GSS.framework/Versions/A/GSS
0x000000000506b000 	/usr/lib/libresolv.9.dylib
0x000000000506b000 	/usr/lib/libiconv.2.dylib
0x000000000506b000 	/System/Library/PrivateFrameworks/Heimdal.framework/Versions/A/Heimdal
0x000000000506b000 	/System/Library/PrivateFrameworks/TrustEvaluationAgent.framework/Versions/A/TrustEvaluationAgent
0x000000000506b000 	/usr/lib/libheimdal-asn1.dylib
0x000000000506b000 	/System/Library/Frameworks/OpenDirectory.framework/Versions/A/OpenDirectory
0x000000000506b000 	/System/Library/PrivateFrameworks/CommonAuth.framework/Versions/A/CommonAuth
0x000000000506b000 	/System/Library/Frameworks/SecurityFoundation.framework/Versions/A/SecurityFoundation
0x000000000506b000 	/System/Library/PrivateFrameworks/Bom.framework/Versions/A/Bom
0x000000000506b000 	/System/Library/Frameworks/CoreVideo.framework/Versions/A/CoreVideo
0x000000000506b000 	/System/Library/Frameworks/QuartzCore.framework/Versions/A/Frameworks/CoreImage.framework/Versions/A/CoreImage
0x000000000506b000 	/System/Library/Frameworks/QuartzCore.framework/Versions/A/Frameworks/ScalableUserInterface.framework/Versions/A/ScalableUserInterface
0x000000000506b000 	/System/Library/Frameworks/OpenGL.framework/Versions/A/Libraries/libGLU.dylib
0x000000000506b000 	/System/Library/Frameworks/OpenGL.framework/Versions/A/Libraries/libGFXShared.dylib
0x000000000506b000 	/System/Library/Frameworks/OpenGL.framework/Versions/A/Libraries/libGL.dylib
0x000000000506b000 	/System/Library/Frameworks/OpenGL.framework/Versions/A/Libraries/libGLImage.dylib
0x000000000506b000 	/System/Library/Frameworks/OpenGL.framework/Versions/A/Libraries/libCVMSPluginSupport.dylib
0x000000000506b000 	/System/Library/Frameworks/OpenGL.framework/Versions/A/Libraries/libCoreVMClient.dylib
0x000000000506b000 	/System/Library/PrivateFrameworks/FaceCore.framework/Versions/A/FaceCore
0x000000000506b000 	/System/Library/PrivateFrameworks/CrashReporterSupport.framework/Versions/A/CrashReporterSupport
0x000000000506b000 	/System/Library/Frameworks/OpenCL.framework/Versions/A/OpenCL
0x000000000506b000 	/System/Library/PrivateFrameworks/AppleFSCompression.framework/Versions/A/AppleFSCompression
0x000000000506b000 	/System/Library/PrivateFrameworks/Ubiquity.framework/Versions/A/Ubiquity
0x000000000506b000 	/System/Library/PrivateFrameworks/IconServices.framework/Versions/A/IconServices
0x000000000506b000 	/System/Library/PrivateFrameworks/ChunkingLibrary.framework/Versions/A/ChunkingLibrary
0x000000000506b000 	/System/Library/PrivateFrameworks/CoreSymbolication.framework/Versions/A/CoreSymbolication
0x000000000506b000 	/System/Library/PrivateFrameworks/Symbolication.framework/Versions/A/Symbolication
0x000000000506b000 	/System/Library/PrivateFrameworks/DebugSymbols.framework/Versions/A/DebugSymbols
0x000000010b9df000 	/Library/Java/JavaVirtualMachines/jdk1.8.0_25.jdk/Contents/Home/jre/lib/server/libjvm.dylib
0x000000000506b000 	/usr/lib/libstdc++.6.dylib
0x000000010c911000 	/Library/Java/JavaVirtualMachines/jdk1.8.0_25.jdk/Contents/Home/jre/lib/libverify.dylib
0x000000010c91f000 	/Library/Java/JavaVirtualMachines/jdk1.8.0_25.jdk/Contents/Home/jre/lib/libjava.dylib
0x000000010c95d000 	/Library/Java/JavaVirtualMachines/jdk1.8.0_25.jdk/Contents/Home/jre/lib/libzip.dylib
0x0000000120111000 	/System/Library/Frameworks/JavaVM.framework/Frameworks/JavaRuntimeSupport.framework/JavaRuntimeSupport
0x0000000120129000 	/System/Library/Frameworks/JavaVM.framework/Versions/A/Frameworks/JavaNativeFoundation.framework/Versions/A/JavaNativeFoundation
0x000000012013e000 	/System/Library/Frameworks/JavaVM.framework/Versions/A/JavaVM
0x000000000506b000 	/System/Library/Frameworks/Carbon.framework/Versions/A/Carbon
0x000000012014b000 	/System/Library/PrivateFrameworks/JavaLaunching.framework/Versions/A/JavaLaunching
0x000000000506b000 	/System/Library/Frameworks/Carbon.framework/Versions/A/Frameworks/CommonPanels.framework/Versions/A/CommonPanels
0x000000000506b000 	/System/Library/Frameworks/Carbon.framework/Versions/A/Frameworks/Help.framework/Versions/A/Help
0x000000000506b000 	/System/Library/Frameworks/Carbon.framework/Versions/A/Frameworks/ImageCapture.framework/Versions/A/ImageCapture
0x000000000506b000 	/System/Library/Frameworks/Carbon.framework/Versions/A/Frameworks/OpenScripting.framework/Versions/A/OpenScripting
0x000000000506b000 	/System/Library/Frameworks/Carbon.framework/Versions/A/Frameworks/Print.framework/Versions/A/Print
0x000000000506b000 	/System/Library/Frameworks/Carbon.framework/Versions/A/Frameworks/SecurityHI.framework/Versions/A/SecurityHI
0x0000000120ea0000 	/Library/Java/JavaVirtualMachines/jdk1.8.0_25.jdk/Contents/Home/jre/lib/libmanagement.dylib
0x00000001210ad000 	/Library/Java/JavaVirtualMachines/jdk1.8.0_25.jdk/Contents/Home/jre/lib/libnet.dylib
0x00000001210c4000 	/Library/Java/JavaVirtualMachines/jdk1.8.0_25.jdk/Contents/Home/jre/lib/libnio.dylib

VM Arguments:
java_command: target/passerelle-admin-1.0-SNAPSHOT.jar server config.yml
java_class_path (initial): target/passerelle-admin-1.0-SNAPSHOT.jar
Launcher Type: SUN_STANDARD

Environment Variables:
JAVA_HOME=/Library/Java/JavaVirtualMachines/jdk1.8.0_25.jdk/Contents/Home
PATH=/usr/local/bin:/usr/bin:/bin:/usr/sbin:/sbin:/usr/local/bin:/Users/vanilla/Documents/dev/apache-maven-3.2.5/bin:/usr/local/git/bin
SHELL=/bin/bash

Signal Handlers:
SIGSEGV: [libjvm.dylib+0x579dc7], sa_mask[0]=11111111011111110111111111111111, sa_flags=SA_ONSTACK|SA_RESTART|SA_SIGINFO
SIGBUS: [libjvm.dylib+0x579dc7], sa_mask[0]=11111111011111110111111111111111, sa_flags=SA_RESTART|SA_SIGINFO
SIGFPE: [libjvm.dylib+0x45b030], sa_mask[0]=11111111011111110111111111111111, sa_flags=SA_RESTART|SA_SIGINFO
SIGPIPE: [libjvm.dylib+0x45b030], sa_mask[0]=11111111011111110111111111111111, sa_flags=SA_RESTART|SA_SIGINFO
SIGXFSZ: [libjvm.dylib+0x45b030], sa_mask[0]=11111111011111110111111111111111, sa_flags=SA_RESTART|SA_SIGINFO
SIGILL: [libjvm.dylib+0x45b030], sa_mask[0]=11111111011111110111111111111111, sa_flags=SA_RESTART|SA_SIGINFO
SIGUSR1: SIG_DFL, sa_mask[0]=11011111011111100000000111000110, sa_flags=none
SIGUSR2: [libjvm.dylib+0x45ab4e], sa_mask[0]=00000000000000000000000000000000, sa_flags=SA_RESTART|SA_SIGINFO
SIGHUP: [libjvm.dylib+0x459121], sa_mask[0]=11111111011111110111111111111111, sa_flags=SA_RESTART|SA_SIGINFO
SIGINT: [libjvm.dylib+0x459121], sa_mask[0]=11111111011111110111111111111111, sa_flags=SA_RESTART|SA_SIGINFO
SIGTERM: [libjvm.dylib+0x459121], sa_mask[0]=11111111011111110111111111111111, sa_flags=SA_RESTART|SA_SIGINFO
SIGQUIT: [libjvm.dylib+0x459121], sa_mask[0]=11111111011111110111111111111111, sa_flags=SA_RESTART|SA_SIGINFO


---------------  S Y S T E M  ---------------

OS:Bsduname:Darwin 13.4.0 Darwin Kernel Version 13.4.0: Wed Mar 18 16:20:14 PDT 2015; root:xnu-2422.115.14~1/RELEASE_X86_64 x86_64
rlimit: STACK 8192k, CORE 0k, NPROC 709, NOFILE 10240, AS infinity
load average:1,75 2,08 5,10

CPU:total 2 (2 cores per cpu, 1 threads per core) family 6 model 23 stepping 10, cmov, cx8, fxsr, mmx, sse, sse2, sse3, ssse3, sse4.1, tsc

Memory: 4k page, physical 4194304k(393292k free)

/proc/meminfo:


vm_info: Java HotSpot(TM) 64-Bit Server VM (25.25-b02) for bsd-amd64 JRE (1.8.0_25-b17), built on Sep 17 2014 16:56:50 by "java_re" with gcc 4.2.1 (Based on Apple Inc. build 5658) (LLVM build 2336.11.00)

time: Fri Feb  5 17:38:41 2016
elapsed time: 15481 seconds (0d 4h 18m 1s)

